2024-10-15 12:24:54 - ==========================================================
2024-10-15 12:24:54 - SERVER Reply: Profile picture was recieved
2024-10-15 12:24:54 - ==========================================================
2024-10-15 12:24:54 - ==========================================================
2024-10-15 12:24:54 - SERVER Reply: Current used storage is 1.815
2024-10-15 12:24:54 - ==========================================================
2024-10-15 12:24:54 - ==========================================================
2024-10-15 12:24:54 - SERVER Reply: Login was succesfull for user: idan
2024-10-15 12:24:54 - ==========================================================
2024-10-15 12:25:01 - ==========================================================
2024-10-15 12:25:01 - SERVER Reply: None
2024-10-15 12:25:01 - ==========================================================
2024-10-15 12:29:23 - Traceback (most recent call last):
  File "C:\Users\idanh\Desktop\Cyber\My Projects\Final-Project\Main\client\client.pyw", line 710, in not_connected_page
    self.exit_button.clicked.connect(sys.exit(1))
                                     ^^^^^^^^^^^
SystemExit: 1
2024-10-15 12:29:44 - Traceback (most recent call last):
  File "C:\Users\idanh\Desktop\Cyber\My Projects\Final-Project\Main\client\client.pyw", line 1571, in connect_server
    sock.connect((ip, int(port)))
TimeoutError: [WinError 10060] A connection attempt failed because the connected party did not properly respond after a period of time, or established connection failed because connected host has failed to respond

During handling of the above exception, another exception occurred:

Traceback (most recent call last):
  File "C:\Users\idanh\Desktop\Cyber\My Projects\Final-Project\Main\client\client.pyw", line 710, in not_connected_page
    self.exit_button.clicked.connect(sys.exit(1))
                                     ^^^^^^^^^^^
SystemExit: 1
2024-10-15 12:33:25 - ==========================================================
2024-10-15 12:33:25 - SERVER Reply: Profile picture was recieved
2024-10-15 12:33:25 - ==========================================================
2024-10-15 12:33:25 - ==========================================================
2024-10-15 12:33:25 - SERVER Reply: Current used storage is 1.815
2024-10-15 12:33:25 - ==========================================================
2024-10-15 12:33:25 - ==========================================================
2024-10-15 12:33:25 - SERVER Reply: Login was succesfull for user: idan
2024-10-15 12:33:25 - ==========================================================
2024-10-15 12:33:30 - ==========================================================
2024-10-15 12:33:30 - SERVER Reply: Profile picture was recieved
2024-10-15 12:33:30 - ==========================================================
2024-10-15 12:33:30 - ==========================================================
2024-10-15 12:33:30 - SERVER Reply: Current used storage is 1.815
2024-10-15 12:33:30 - ==========================================================
2024-10-15 12:33:30 - ==========================================================
2024-10-15 12:33:30 - SERVER Reply: Login was succesfull for user: idan
2024-10-15 12:33:30 - ==========================================================
2024-10-15 12:33:34 - ==========================================================
2024-10-15 12:33:34 - SERVER Reply: Profile picture was recieved
2024-10-15 12:33:34 - ==========================================================
2024-10-15 12:33:34 - ==========================================================
2024-10-15 12:33:34 - SERVER Reply: Current used storage is 1.815
2024-10-15 12:33:34 - ==========================================================
2024-10-15 12:33:34 - ==========================================================
2024-10-15 12:33:34 - SERVER Reply: Login was succesfull for user: idan
2024-10-15 12:33:34 - ==========================================================
2024-10-15 12:34:14 - ==========================================================
2024-10-15 12:34:14 - SERVER Reply: Profile picture was recieved
2024-10-15 12:34:14 - ==========================================================
2024-10-15 12:34:14 - ==========================================================
2024-10-15 12:34:14 - SERVER Reply: Current used storage is 1.815
2024-10-15 12:34:14 - ==========================================================
2024-10-15 12:34:14 - ==========================================================
2024-10-15 12:34:14 - SERVER Reply: Login was succesfull for user: idan
2024-10-15 12:34:14 - ==========================================================
