2024-12-18 13:09:32 - recieved ip and port from server: ('172.16.12.23', '3102')
2024-12-18 13:09:33 - Login was succesfull for user: a
2024-12-18 13:09:33 - File data recieved
2024-12-18 13:09:33 - File data recieved
2024-12-18 13:09:33 - Profile picture was recieved
2024-12-18 13:09:33 - Got files
2024-12-18 13:09:33 - Got directories
2024-12-18 13:09:33 - Current used storage is 67.314
2024-12-18 13:10:04 - recieved ip and port from server: ('172.16.12.23', '3102')
2024-12-18 13:10:04 - Login was succesfull for user: a
2024-12-18 13:10:04 - File data recieved
2024-12-18 13:10:04 - File data recieved
2024-12-18 13:10:04 - Profile picture was recieved
2024-12-18 13:10:04 - Got directories
2024-12-18 13:10:04 - Current used storage is 67.314
2024-12-18 13:10:04 - Got files
2024-12-18 13:10:48 - recieved ip and port from server: ('172.16.12.23', '3102')
2024-12-18 13:10:48 - Login was succesfull for user: a
2024-12-18 13:10:48 - File data recieved
2024-12-18 13:10:48 - File data recieved
2024-12-18 13:10:48 - Profile picture was recieved
2024-12-18 13:10:48 - Got directories
2024-12-18 13:10:48 - Got files
2024-12-18 13:10:48 - Current used storage is 67.314
2024-12-18 13:11:19 - recieved ip and port from server: ('172.16.12.23', '3102')
2024-12-18 13:11:19 - Login was succesfull for user: a
2024-12-18 13:11:19 - File data recieved
2024-12-18 13:11:19 - File data recieved
2024-12-18 13:11:19 - Profile picture was recieved
2024-12-18 13:11:19 - Got directories
2024-12-18 13:11:20 - Got files
2024-12-18 13:11:20 - Current used storage is 67.314
2024-12-18 13:12:54 - recieved ip and port from server: ('172.16.12.23', '3102')
2024-12-18 13:12:55 - Login was succesfull for user: a
2024-12-18 13:12:55 - File data recieved
2024-12-18 13:12:55 - File data recieved
2024-12-18 13:12:55 - Profile picture was recieved
2024-12-18 13:12:55 - Got directories
2024-12-18 13:12:55 - Got files
2024-12-18 13:12:55 - Current used storage is 67.314
2024-12-18 13:13:21 - recieved ip and port from server: ('172.16.12.23', '3102')
2024-12-18 13:13:21 - Login was succesfull for user: a
2024-12-18 13:13:21 - File data recieved
2024-12-18 13:13:21 - File data recieved
2024-12-18 13:13:21 - Profile picture was recieved
2024-12-18 13:13:21 - Got directories
2024-12-18 13:13:21 - Current used storage is 67.314
2024-12-18 13:13:21 - Got files
2024-12-18 13:15:47 - recieved ip and port from server: ('172.16.12.23', '3102')
2024-12-18 13:15:47 - Login was succesfull for user: a
2024-12-18 13:15:47 - File data recieved
2024-12-18 13:15:47 - File data recieved
2024-12-18 13:15:47 - Profile picture was recieved
2024-12-18 13:15:47 - Got directories
2024-12-18 13:15:47 - Got files
2024-12-18 13:15:47 - Current used storage is 67.314
2024-12-18 13:15:57 - recieved ip and port from server: ('172.16.12.23', '3102')
2024-12-18 13:15:57 - Login was succesfull for user: a
2024-12-18 13:15:57 - File data recieved
2024-12-18 13:15:57 - File data recieved
2024-12-18 13:15:57 - Profile picture was recieved
2024-12-18 13:15:57 - Got directories
2024-12-18 13:15:57 - Got files
2024-12-18 13:15:57 - Current used storage is 67.314
2024-12-18 13:16:00 - Logout succesfull
2024-12-18 13:16:19 - recieved ip and port from server: ('172.16.12.23', '3102')
2024-12-18 13:16:19 - Login was succesfull for user: a
2024-12-18 13:16:19 - File data recieved
2024-12-18 13:16:19 - File data recieved
2024-12-18 13:16:19 - Profile picture was recieved
2024-12-18 13:16:19 - Got files
2024-12-18 13:16:19 - Got directories
2024-12-18 13:16:19 - Current used storage is 67.314
2024-12-18 13:16:38 - recieved ip and port from server: ('172.16.12.23', '3102')
2024-12-18 13:16:38 - Login was succesfull for user: a
2024-12-18 13:16:38 - File data recieved
2024-12-18 13:16:38 - File data recieved
2024-12-18 13:16:38 - Profile picture was recieved
2024-12-18 13:16:38 - Got directories
2024-12-18 13:16:38 - Got files
2024-12-18 13:16:38 - Current used storage is 67.314
2024-12-18 13:17:10 - recieved ip and port from server: ('172.16.12.23', '3102')
2024-12-18 13:17:11 - Login was succesfull for user: a
2024-12-18 13:17:11 - File data recieved
2024-12-18 13:17:11 - File data recieved
2024-12-18 13:17:11 - Profile picture was recieved
2024-12-18 13:17:11 - Got directories
2024-12-18 13:17:11 - Got files
2024-12-18 13:17:11 - Current used storage is 67.314
2024-12-18 13:17:12 - Logout succesfull
2024-12-18 13:18:42 - recieved ip and port from server: ('172.16.12.23', '3102')
2024-12-18 13:18:42 - Login was succesfull for user: a
2024-12-18 13:18:42 - File data recieved
2024-12-18 13:18:42 - File data recieved
2024-12-18 13:18:42 - Profile picture was recieved
2024-12-18 13:18:42 - Got files
2024-12-18 13:18:42 - Got directories
2024-12-18 13:18:42 - Current used storage is 67.314
2024-12-18 13:18:50 - Traceback (most recent call last):
  File "C:\Users\idanh\Desktop\Cyber\My Projects\Final-Project\Main\client\client.pyw", line 1785, in send_data
    try: send_data_wrap(bdata, encryption)
         ^^^^^^^^^^^^^^^^^^^^^^^^^^^^^^^^^
  File "C:\Users\idanh\Desktop\Cyber\My Projects\Final-Project\Main\client\modules\networking.py", line 54, in send_data_wrap
    sock.send(to_send)
ConnectionResetError: [WinError 10054] An existing connection was forcibly closed by the remote host

During handling of the above exception, another exception occurred:

Traceback (most recent call last):
  File "C:\Users\idanh\Desktop\Cyber\My Projects\Final-Project\Main\client\client.pyw", line 1889, in search_server
    response, addr = search_socket.recvfrom(1024)
                     ^^^^^^^^^^^^^^^^^^^^^^^^^^^^
TimeoutError: timed out
